02-08-2024 12:45:40 AM: INFO: 10
02-08-2024 12:45:40 AM: INFO: Mumbai (BOM)
Chhatrapati Shivaji International
India
02-08-2024 12:45:43 AM: INFO: 10
02-08-2024 12:45:43 AM: INFO: New Delhi (DEL)
Indira Gandhi International
India
02-08-2024 12:45:43 AM: INFO: Mumbai (BOM)
Chhatrapati Shivaji International
India
02-08-2024 12:45:43 AM: INFO: Bangalore (BLR)
Kempegowda International
India
02-08-2024 12:45:55 AM: INFO: Selected flights with 1 Stop
02-08-2024 12:45:55 AM: INFO: 25
02-08-2024 12:48:02 AM: INFO: 10
02-08-2024 12:48:02 AM: INFO: New Delhi (DEL)
Indira Gandhi International
India
02-08-2024 12:51:14 AM: INFO: LaunchPage: 10
02-08-2024 12:51:14 AM: INFO: LaunchPage: New Delhi (DEL)
Indira Gandhi International
India
02-08-2024 12:51:14 AM: INFO: LaunchPage: 10
02-08-2024 12:51:14 AM: INFO: LaunchPage: New Delhi (DEL)
Indira Gandhi International
India
02-08-2024 12:51:14 AM: INFO: LaunchPage: Mumbai (BOM)
Chhatrapati Shivaji International
India
02-08-2024 12:51:14 AM: INFO: LaunchPage: Bangalore (BLR)
Kempegowda International
India
02-08-2024 12:29:57 PM: INFO: LaunchPage: 10
02-08-2024 12:29:57 PM: INFO: LaunchPage: Mumbai (BOM)
Chhatrapati Shivaji International
India
02-08-2024 12:32:24 PM: INFO: LaunchPage: 10
02-08-2024 12:32:24 PM: INFO: LaunchPage: New Delhi (DEL)
Indira Gandhi International
India
02-08-2024 12:32:24 PM: INFO: LaunchPage: Mumbai (BOM)
Chhatrapati Shivaji International
India
02-08-2024 12:32:56 PM: INFO: LaunchPage: 10
02-08-2024 12:32:56 PM: INFO: LaunchPage: New Delhi (DEL)
Indira Gandhi International
India
02-08-2024 12:32:56 PM: INFO: LaunchPage: Mumbai (BOM)
Chhatrapati Shivaji International
India
02-08-2024 12:32:57 PM: INFO: LaunchPage: 10
02-08-2024 12:32:57 PM: INFO: LaunchPage: New Delhi (DEL)
Indira Gandhi International
India
02-08-2024 12:32:57 PM: INFO: LaunchPage: Mumbai (BOM)
Chhatrapati Shivaji International
India
02-08-2024 12:32:57 PM: INFO: LaunchPage: Bangalore (BLR)
Kempegowda International
India
02-08-2024 12:33:21 PM: INFO: LaunchPage: 1
02-08-2024 12:33:21 PM: INFO: LaunchPage: New Delhi (DEL)
Indira Gandhi International
India
02-08-2024 12:33:22 PM: INFO: LaunchPage: 10
02-08-2024 12:33:22 PM: INFO: LaunchPage: New Delhi (DEL)
Indira Gandhi International
India
02-08-2024 12:33:22 PM: INFO: LaunchPage: Mumbai (BOM)
Chhatrapati Shivaji International
India
02-08-2024 12:33:22 PM: INFO: LaunchPage: Bangalore (BLR)
Kempegowda International
India
02-08-2024 12:33:50 PM: INFO: LaunchPage: 10
02-08-2024 12:33:50 PM: INFO: LaunchPage: New Delhi (DEL)
Indira Gandhi International
India
02-08-2024 12:33:50 PM: INFO: LaunchPage: Mumbai (BOM)
Chhatrapati Shivaji International
India
02-08-2024 12:33:51 PM: INFO: LaunchPage: 20
02-08-2024 12:33:51 PM: INFO: LaunchPage: New Delhi (DEL)
Indira Gandhi International
India
02-08-2024 12:33:51 PM: INFO: LaunchPage: Mumbai (BOM)
Chhatrapati Shivaji International
India
02-08-2024 12:33:51 PM: INFO: LaunchPage: Bangalore (BLR)
Kempegowda International
India
02-08-2024 12:34:19 PM: INFO: LaunchPage: 1
02-08-2024 12:34:19 PM: INFO: LaunchPage: New Delhi (DEL)
Indira Gandhi International
India
02-08-2024 12:34:19 PM: INFO: LaunchPage: 10
02-08-2024 12:34:19 PM: INFO: LaunchPage: New Delhi (DEL)
Indira Gandhi International
India
02-08-2024 12:34:19 PM: INFO: LaunchPage: Mumbai (BOM)
Chhatrapati Shivaji International
India
02-08-2024 12:34:19 PM: INFO: LaunchPage: Bangalore (BLR)
Kempegowda International
India
02-08-2024 12:34:31 PM: INFO: SearchFlightsResultsPage: Selected flights with 1 Stop
02-08-2024 12:34:32 PM: INFO: TestSearchAndVerifyFilter: 25
02-08-2024 12:35:00 PM: INFO: LaunchPage: 10
02-08-2024 12:35:00 PM: INFO: LaunchPage: New Delhi (DEL)
Indira Gandhi International
India
02-08-2024 12:35:00 PM: INFO: LaunchPage: Mumbai (BOM)
Chhatrapati Shivaji International
India
02-08-2024 12:35:01 PM: INFO: LaunchPage: 20
02-08-2024 12:35:01 PM: INFO: LaunchPage: New Delhi (DEL)
Indira Gandhi International
India
02-08-2024 12:35:01 PM: INFO: LaunchPage: Mumbai (BOM)
Chhatrapati Shivaji International
India
02-08-2024 12:35:01 PM: INFO: LaunchPage: Bangalore (BLR)
Kempegowda International
India
02-08-2024 12:35:26 PM: INFO: LaunchPage: 10
02-08-2024 12:35:26 PM: INFO: LaunchPage: New Delhi (DEL)
Indira Gandhi International
India
02-08-2024 12:35:50 PM: INFO: LaunchPage: 10
02-08-2024 12:35:50 PM: INFO: LaunchPage: New Delhi (DEL)
Indira Gandhi International
India
02-08-2024 12:35:50 PM: INFO: LaunchPage: Mumbai (BOM)
Chhatrapati Shivaji International
India
02-08-2024 12:35:51 PM: INFO: LaunchPage: 10
02-08-2024 12:35:51 PM: INFO: LaunchPage: New Delhi (DEL)
Indira Gandhi International
India
02-08-2024 12:35:51 PM: INFO: LaunchPage: Mumbai (BOM)
Chhatrapati Shivaji International
India
02-08-2024 12:35:51 PM: INFO: LaunchPage: Bangalore (BLR)
Kempegowda International
India
02-08-2024 12:36:04 PM: INFO: SearchFlightsResultsPage: Selected flights with 1 Stop
02-08-2024 12:36:05 PM: INFO: TestSearchAndVerifyFilter: 25
02-08-2024 12:56:20 PM: INFO: LaunchPage: 10
02-08-2024 12:56:20 PM: INFO: LaunchPage: New Delhi (DEL)
Indira Gandhi International
India
02-08-2024 12:56:20 PM: INFO: LaunchPage: Mumbai (BOM)
Chhatrapati Shivaji International
India
02-08-2024 12:56:20 PM: INFO: LaunchPage: 10
02-08-2024 12:56:20 PM: INFO: LaunchPage: New Delhi (DEL)
Indira Gandhi International
India
02-08-2024 12:56:20 PM: INFO: LaunchPage: Mumbai (BOM)
Chhatrapati Shivaji International
India
02-08-2024 12:56:48 PM: INFO: LaunchPage: 10
02-08-2024 12:56:48 PM: INFO: LaunchPage: New Delhi (DEL)
Indira Gandhi International
India
02-08-2024 12:57:17 PM: INFO: LaunchPage: 10
02-08-2024 12:57:17 PM: INFO: LaunchPage: New Delhi (DEL)
Indira Gandhi International
India
02-08-2024 12:58:06 PM: INFO: LaunchPage: 10
02-08-2024 12:58:06 PM: INFO: LaunchPage: New Delhi (DEL)
Indira Gandhi International
India
02-08-2024 12:58:06 PM: INFO: LaunchPage: Mumbai (BOM)
Chhatrapati Shivaji International
India
02-08-2024 12:58:07 PM: INFO: LaunchPage: 10
02-08-2024 12:58:07 PM: INFO: LaunchPage: New Delhi (DEL)
Indira Gandhi International
India
02-08-2024 12:58:07 PM: INFO: LaunchPage: Mumbai (BOM)
Chhatrapati Shivaji International
India
02-08-2024 12:58:58 PM: INFO: LaunchPage: 10
02-08-2024 12:58:58 PM: INFO: LaunchPage: New Delhi (DEL)
Indira Gandhi International
India
02-08-2024 12:58:58 PM: INFO: LaunchPage: Mumbai (BOM)
Chhatrapati Shivaji International
India
02-08-2024 12:58:59 PM: INFO: LaunchPage: 10
02-08-2024 12:58:59 PM: INFO: LaunchPage: New Delhi (DEL)
Indira Gandhi International
India
02-08-2024 12:58:59 PM: INFO: LaunchPage: Mumbai (BOM)
Chhatrapati Shivaji International
India
02-08-2024 12:58:59 PM: INFO: LaunchPage: Bangalore (BLR)
Kempegowda International
India
02-08-2024 12:59:08 PM: INFO: SearchFlightsResultsPage: Selected flights with 1 Stop
02-08-2024 12:59:08 PM: INFO: TestSearchAndVerifyFilter: 2
02-08-2024 01:00:37 PM: INFO: LaunchPage: 10
02-08-2024 01:00:37 PM: INFO: LaunchPage: Mumbai (BOM)
Chhatrapati Shivaji International
India
02-08-2024 01:00:37 PM: INFO: LaunchPage: 10
02-08-2024 01:00:37 PM: INFO: LaunchPage: New Delhi (DEL)
Indira Gandhi International
India
02-08-2024 01:00:54 PM: INFO: SearchFlightsResultsPage: Selected flights with 1 Stop
02-08-2024 01:00:54 PM: INFO: TestSearchAndVerifyFilter: 25
02-08-2024 01:02:25 PM: INFO: LaunchPage: 1
02-08-2024 01:02:25 PM: INFO: LaunchPage: Mumbai (BOM)
Chhatrapati Shivaji International
India
02-08-2024 01:02:26 PM: INFO: LaunchPage: 10
02-08-2024 01:02:26 PM: INFO: LaunchPage: New Delhi (DEL)
Indira Gandhi International
India
02-08-2024 01:29:24 PM: INFO: LaunchPage: 10
02-08-2024 01:29:24 PM: INFO: LaunchPage: New Delhi (DEL)
Indira Gandhi International
India
02-08-2024 01:29:25 PM: INFO: LaunchPage: Mumbai (BOM)
Chhatrapati Shivaji International
India
02-08-2024 01:29:25 PM: INFO: LaunchPage: 10
02-08-2024 01:29:25 PM: INFO: LaunchPage: New Delhi (DEL)
Indira Gandhi International
India
02-08-2024 01:29:25 PM: INFO: LaunchPage: Mumbai (BOM)
Chhatrapati Shivaji International
India
02-08-2024 01:29:25 PM: INFO: LaunchPage: Bangalore (BLR)
Kempegowda International
India
02-08-2024 01:29:26 PM: INFO: LaunchPage: 10
02-08-2024 01:29:26 PM: INFO: LaunchPage: New Delhi (DEL)
Indira Gandhi International
India
02-08-2024 01:29:26 PM: INFO: LaunchPage: Mumbai (BOM)
Chhatrapati Shivaji International
India
02-08-2024 01:29:55 PM: INFO: LaunchPage: 10
02-08-2024 01:29:55 PM: INFO: LaunchPage: New Delhi (DEL)
Indira Gandhi International
India
02-08-2024 01:29:55 PM: INFO: LaunchPage: Mumbai (BOM)
Chhatrapati Shivaji International
India
02-08-2024 01:29:55 PM: INFO: LaunchPage: 10
02-08-2024 01:29:55 PM: INFO: LaunchPage: New Delhi (DEL)
Indira Gandhi International
India
02-08-2024 01:29:55 PM: INFO: LaunchPage: Mumbai (BOM)
Chhatrapati Shivaji International
India
02-08-2024 01:29:55 PM: INFO: LaunchPage: Bangalore (BLR)
Kempegowda International
India
02-08-2024 01:29:56 PM: INFO: LaunchPage: 10
02-08-2024 01:29:56 PM: INFO: LaunchPage: New Delhi (DEL)
Indira Gandhi International
India
02-08-2024 01:29:56 PM: INFO: LaunchPage: Mumbai (BOM)
Chhatrapati Shivaji International
India
02-08-2024 01:29:56 PM: INFO: LaunchPage: Bangalore (BLR)
Kempegowda International
India
02-08-2024 01:30:20 PM: INFO: LaunchPage: 10
02-08-2024 01:30:20 PM: INFO: LaunchPage: New Delhi (DEL)
Indira Gandhi International
India
02-08-2024 01:30:20 PM: INFO: LaunchPage: Mumbai (BOM)
Chhatrapati Shivaji International
India
02-08-2024 01:30:21 PM: INFO: LaunchPage: 10
02-08-2024 01:30:21 PM: INFO: LaunchPage: New Delhi (DEL)
Indira Gandhi International
India
02-08-2024 01:30:21 PM: INFO: LaunchPage: Mumbai (BOM)
Chhatrapati Shivaji International
India
02-08-2024 01:30:21 PM: INFO: LaunchPage: Bangalore (BLR)
Kempegowda International
India
02-08-2024 01:30:49 PM: INFO: LaunchPage: 1
02-08-2024 01:30:49 PM: INFO: LaunchPage: Mumbai (BOM)
Chhatrapati Shivaji International
India
02-08-2024 01:30:49 PM: INFO: LaunchPage: 1
02-08-2024 01:30:49 PM: INFO: LaunchPage: New Delhi (DEL)
Indira Gandhi International
India
02-08-2024 01:30:51 PM: INFO: LaunchPage: 10
02-08-2024 01:30:51 PM: INFO: LaunchPage: New Delhi (DEL)
Indira Gandhi International
India
02-08-2024 01:30:51 PM: INFO: LaunchPage: Mumbai (BOM)
Chhatrapati Shivaji International
India
02-08-2024 01:30:51 PM: INFO: LaunchPage: Bangalore (BLR)
Kempegowda International
India
02-08-2024 01:31:15 PM: INFO: LaunchPage: 10
02-08-2024 01:31:15 PM: INFO: LaunchPage: New Delhi (DEL)
Indira Gandhi International
India
02-08-2024 01:31:15 PM: INFO: LaunchPage: Mumbai (BOM)
Chhatrapati Shivaji International
India
02-08-2024 01:31:16 PM: INFO: LaunchPage: 10
02-08-2024 01:31:16 PM: INFO: LaunchPage: New Delhi (DEL)
Indira Gandhi International
India
02-08-2024 01:31:16 PM: INFO: LaunchPage: Mumbai (BOM)
Chhatrapati Shivaji International
India
02-08-2024 01:31:16 PM: INFO: LaunchPage: Bangalore (BLR)
Kempegowda International
India
02-08-2024 01:31:17 PM: INFO: LaunchPage: 10
02-08-2024 01:31:17 PM: INFO: LaunchPage: New Delhi (DEL)
Indira Gandhi International
India
02-08-2024 01:31:17 PM: INFO: LaunchPage: Mumbai (BOM)
Chhatrapati Shivaji International
India
02-08-2024 01:31:46 PM: INFO: LaunchPage: 10
02-08-2024 01:31:46 PM: INFO: LaunchPage: New Delhi (DEL)
Indira Gandhi International
India
02-08-2024 01:31:46 PM: INFO: LaunchPage: Mumbai (BOM)
Chhatrapati Shivaji International
India
02-08-2024 01:31:46 PM: INFO: LaunchPage: 10
02-08-2024 01:31:46 PM: INFO: LaunchPage: New Delhi (DEL)
Indira Gandhi International
India
02-08-2024 01:31:46 PM: INFO: LaunchPage: Mumbai (BOM)
Chhatrapati Shivaji International
India
02-08-2024 01:31:47 PM: INFO: LaunchPage: Bangalore (BLR)
Kempegowda International
India
02-08-2024 01:32:13 PM: INFO: LaunchPage: 10
02-08-2024 01:32:13 PM: INFO: LaunchPage: New Delhi (DEL)
Indira Gandhi International
India
02-08-2024 01:32:13 PM: INFO: LaunchPage: 10
02-08-2024 01:32:13 PM: INFO: LaunchPage: New Delhi (DEL)
Indira Gandhi International
India
02-08-2024 01:32:13 PM: INFO: LaunchPage: Mumbai (BOM)
Chhatrapati Shivaji International
India
02-08-2024 01:32:40 PM: INFO: LaunchPage: 10
02-08-2024 01:32:40 PM: INFO: LaunchPage: New Delhi (DEL)
Indira Gandhi International
India
02-08-2024 01:32:40 PM: INFO: LaunchPage: Mumbai (BOM)
Chhatrapati Shivaji International
India
02-08-2024 01:32:41 PM: INFO: LaunchPage: 1
02-08-2024 01:32:41 PM: INFO: LaunchPage: Mumbai (BOM)
Chhatrapati Shivaji International
India
02-08-2024 01:32:41 PM: INFO: LaunchPage: 10
02-08-2024 01:32:41 PM: INFO: LaunchPage: Mumbai (BOM)
Chhatrapati Shivaji International
India
02-08-2024 01:33:31 PM: INFO: LaunchPage: 10
02-08-2024 01:33:31 PM: INFO: LaunchPage: New Delhi (DEL)
Indira Gandhi International
India
02-08-2024 01:33:31 PM: INFO: LaunchPage: Mumbai (BOM)
Chhatrapati Shivaji International
India
02-08-2024 01:33:31 PM: INFO: LaunchPage: 10
02-08-2024 01:33:31 PM: INFO: LaunchPage: New Delhi (DEL)
Indira Gandhi International
India
02-08-2024 01:33:31 PM: INFO: LaunchPage: Mumbai (BOM)
Chhatrapati Shivaji International
India
02-08-2024 01:33:31 PM: INFO: LaunchPage: Bangalore (BLR)
Kempegowda International
India
02-08-2024 01:33:40 PM: INFO: SearchFlightsResultsPage: Selected flights with 1 Stop
02-08-2024 01:33:40 PM: INFO: TestSearchAndVerifyFilter: 4
05-08-2024 06:15:16 PM: INFO: LaunchPage: 10
05-08-2024 06:15:16 PM: INFO: LaunchPage: New Delhi (DEL)
Indira Gandhi International
India
05-08-2024 06:15:16 PM: INFO: LaunchPage: Mumbai (BOM)
Chhatrapati Shivaji International
India
05-08-2024 06:15:17 PM: INFO: LaunchPage: 10
05-08-2024 06:15:17 PM: INFO: LaunchPage: New Delhi (DEL)
Indira Gandhi International
India
05-08-2024 06:15:17 PM: INFO: LaunchPage: Mumbai (BOM)
Chhatrapati Shivaji International
India
05-08-2024 06:15:17 PM: INFO: LaunchPage: Bangalore (BLR)
Kempegowda International
India
05-08-2024 06:17:47 PM: INFO: LaunchPage: 10
05-08-2024 06:17:47 PM: INFO: LaunchPage: New Delhi (DEL)
Indira Gandhi International
India
05-08-2024 06:17:47 PM: INFO: LaunchPage: Mumbai (BOM)
Chhatrapati Shivaji International
India
05-08-2024 06:17:47 PM: INFO: LaunchPage: 10
05-08-2024 06:17:47 PM: INFO: LaunchPage: New Delhi (DEL)
Indira Gandhi International
India
05-08-2024 06:17:47 PM: INFO: LaunchPage: Mumbai (BOM)
Chhatrapati Shivaji International
India
05-08-2024 06:17:47 PM: INFO: LaunchPage: Bangalore (BLR)
Kempegowda International
India
05-08-2024 06:18:00 PM: INFO: SearchFlightsResultsPage: Selected flights with 1 Stop
05-08-2024 06:18:00 PM: INFO: TestSearchAndVerifyFilter: 25
05-08-2024 09:37:17 PM: INFO: LaunchPage: 1
05-08-2024 09:37:17 PM: INFO: LaunchPage: New Delhi (DEL)
Indira Gandhi International
India
05-08-2024 09:37:18 PM: INFO: LaunchPage: 10
05-08-2024 09:37:18 PM: INFO: LaunchPage: New Delhi (DEL)
Indira Gandhi International
India
05-08-2024 09:37:18 PM: INFO: LaunchPage: 10
05-08-2024 09:37:19 PM: INFO: LaunchPage: New Delhi (DEL)
Indira Gandhi International
India
05-08-2024 09:37:19 PM: INFO: LaunchPage: Mumbai (BOM)
Chhatrapati Shivaji International
India
05-08-2024 09:37:19 PM: INFO: LaunchPage: Bangalore (BLR)
Kempegowda International
India
05-08-2024 09:37:19 PM: INFO: LaunchPage: 10
05-08-2024 09:37:19 PM: INFO: LaunchPage: New Delhi (DEL)
Indira Gandhi International
India
05-08-2024 09:37:19 PM: INFO: LaunchPage: Mumbai (BOM)
Chhatrapati Shivaji International
India
05-08-2024 09:37:29 PM: INFO: SearchFlightsResultsPage: Selected Non Stop flights
05-08-2024 09:37:29 PM: INFO: TestSearchAndVerifyFilter: 6
05-08-2024 09:51:55 PM: INFO: LaunchPage: 10
05-08-2024 09:51:55 PM: INFO: LaunchPage: New Delhi (DEL)
Indira Gandhi International
India
05-08-2024 09:51:55 PM: INFO: LaunchPage: Mumbai (BOM)
Chhatrapati Shivaji International
India
05-08-2024 09:51:55 PM: INFO: LaunchPage: 10
05-08-2024 09:51:55 PM: INFO: LaunchPage: New Delhi (DEL)
Indira Gandhi International
India
05-08-2024 09:51:58 PM: INFO: LaunchPage: 1
05-08-2024 09:51:58 PM: INFO: LaunchPage: Bangalore (BLR)
Kempegowda International
India
05-08-2024 09:51:59 PM: INFO: LaunchPage: 1
05-08-2024 09:51:59 PM: INFO: LaunchPage: Mumbai (BOM)
Chhatrapati Shivaji International
India
05-08-2024 09:52:10 PM: INFO: SearchFlightsResultsPage: Selected Non Stop flights
05-08-2024 09:52:10 PM: INFO: TestSearchAndVerifyFilter: 25
05-08-2024 09:53:03 PM: INFO: LaunchPage: 10
05-08-2024 09:53:04 PM: INFO: LaunchPage: New Delhi (DEL)
Indira Gandhi International
India
05-08-2024 09:53:04 PM: INFO: LaunchPage: 10
05-08-2024 09:53:04 PM: INFO: LaunchPage: New Delhi (DEL)
Indira Gandhi International
India
05-08-2024 09:53:04 PM: INFO: LaunchPage: Mumbai (BOM)
Chhatrapati Shivaji International
India
05-08-2024 09:53:05 PM: INFO: LaunchPage: 1
05-08-2024 09:53:05 PM: INFO: LaunchPage: Bangalore (BLR)
Kempegowda International
India
05-08-2024 10:01:26 PM: INFO: LaunchPage: 10
05-08-2024 10:01:26 PM: INFO: LaunchPage: New Delhi (DEL)
Indira Gandhi International
India
05-08-2024 10:01:26 PM: INFO: LaunchPage: Mumbai (BOM)
Chhatrapati Shivaji International
India
05-08-2024 10:01:27 PM: INFO: LaunchPage: 10
05-08-2024 10:01:27 PM: INFO: LaunchPage: Bangalore (BLR)
Kempegowda International
India
05-08-2024 10:02:15 PM: INFO: LaunchPage: 10
05-08-2024 10:02:15 PM: INFO: LaunchPage: Mumbai (BOM)
Chhatrapati Shivaji International
India
05-08-2024 10:02:15 PM: INFO: LaunchPage: 10
05-08-2024 10:02:15 PM: INFO: LaunchPage: New Delhi (DEL)
Indira Gandhi International
India
05-08-2024 10:05:25 PM: INFO: LaunchPage: 10
05-08-2024 10:05:25 PM: INFO: LaunchPage: New Delhi (DEL)
Indira Gandhi International
India
05-08-2024 10:05:25 PM: INFO: LaunchPage: Mumbai (BOM)
Chhatrapati Shivaji International
India
05-08-2024 10:05:25 PM: INFO: LaunchPage: 10
05-08-2024 10:05:25 PM: INFO: LaunchPage: New Delhi (DEL)
Indira Gandhi International
India
05-08-2024 10:05:25 PM: INFO: LaunchPage: Mumbai (BOM)
Chhatrapati Shivaji International
India
05-08-2024 10:05:25 PM: INFO: LaunchPage: Bangalore (BLR)
Kempegowda International
India
05-08-2024 10:05:26 PM: INFO: LaunchPage: 10
05-08-2024 10:05:26 PM: INFO: LaunchPage: New Delhi (DEL)
Indira Gandhi International
India
05-08-2024 10:05:26 PM: INFO: LaunchPage: Mumbai (BOM)
Chhatrapati Shivaji International
India
05-08-2024 10:14:35 PM: INFO: LaunchPage: 10
05-08-2024 10:14:35 PM: INFO: LaunchPage: New Delhi (DEL)
Indira Gandhi International
India
05-08-2024 10:14:35 PM: INFO: LaunchPage: Mumbai (BOM)
Chhatrapati Shivaji International
India
05-08-2024 10:14:37 PM: INFO: LaunchPage: 10
05-08-2024 10:14:37 PM: INFO: LaunchPage: New Delhi (DEL)
Indira Gandhi International
India
05-08-2024 10:14:37 PM: INFO: LaunchPage: Mumbai (BOM)
Chhatrapati Shivaji International
India
05-08-2024 10:21:24 PM: INFO: LaunchPage: 1
05-08-2024 10:21:24 PM: INFO: LaunchPage: New Delhi (DEL)
Indira Gandhi International
India
05-08-2024 10:21:24 PM: INFO: LaunchPage: 10
05-08-2024 10:21:24 PM: INFO: LaunchPage: New Delhi (DEL)
Indira Gandhi International
India
05-08-2024 10:21:24 PM: INFO: LaunchPage: Mumbai (BOM)
Chhatrapati Shivaji International
India
05-08-2024 10:21:25 PM: INFO: LaunchPage: 11
05-08-2024 10:21:25 PM: INFO: LaunchPage: New Delhi (DEL)
Indira Gandhi International
India
05-08-2024 10:21:26 PM: INFO: LaunchPage: Mumbai (BOM)
Chhatrapati Shivaji International
India
05-08-2024 10:25:53 PM: INFO: LaunchPage: 10
05-08-2024 10:25:53 PM: INFO: LaunchPage: New Delhi (DEL)
Indira Gandhi International
India
05-08-2024 10:25:53 PM: INFO: LaunchPage: Mumbai (BOM)
Chhatrapati Shivaji International
India
05-08-2024 10:25:54 PM: INFO: LaunchPage: 10
05-08-2024 10:25:54 PM: INFO: LaunchPage: New Delhi (DEL)
Indira Gandhi International
India
05-08-2024 10:25:54 PM: INFO: LaunchPage: Mumbai (BOM)
Chhatrapati Shivaji International
India
05-08-2024 10:25:54 PM: INFO: LaunchPage: Bangalore (BLR)
Kempegowda International
India
05-08-2024 10:26:05 PM: INFO: SearchFlightsResultsPage: Selected flights with 1 Stop
05-08-2024 10:26:05 PM: INFO: TestSearchAndVerifyFilter: 25
05-08-2024 11:19:55 PM: INFO: LaunchPage: 10
05-08-2024 11:19:55 PM: INFO: LaunchPage: Mumbai (BOM)
Chhatrapati Shivaji International
India
05-08-2024 11:19:55 PM: INFO: LaunchPage: 10
05-08-2024 11:19:55 PM: INFO: LaunchPage: New Delhi (DEL)
Indira Gandhi International
India
05-08-2024 11:19:55 PM: INFO: LaunchPage: Mumbai (BOM)
Chhatrapati Shivaji International
India
05-08-2024 11:19:55 PM: INFO: LaunchPage: Bangalore (BLR)
Kempegowda International
India
05-08-2024 11:36:10 PM: INFO: LaunchPage: 10
05-08-2024 11:36:10 PM: INFO: LaunchPage: New Delhi (DEL)
Indira Gandhi International
India
05-08-2024 11:36:11 PM: INFO: LaunchPage: 10
05-08-2024 11:36:11 PM: INFO: LaunchPage: New Delhi (DEL)
Indira Gandhi International
India
05-08-2024 11:36:11 PM: INFO: LaunchPage: Mumbai (BOM)
Chhatrapati Shivaji International
India
05-08-2024 11:36:11 PM: INFO: LaunchPage: Bangalore (BLR)
Kempegowda International
India
06-08-2024 12:09:04 AM: INFO: LaunchPage: 10
06-08-2024 12:09:04 AM: INFO: LaunchPage: New Delhi (DEL)
Indira Gandhi International
India
06-08-2024 12:09:04 AM: INFO: LaunchPage: Mumbai (BOM)
Chhatrapati Shivaji International
India
06-08-2024 12:09:05 AM: INFO: LaunchPage: 10
06-08-2024 12:09:05 AM: INFO: LaunchPage: New Delhi (DEL)
Indira Gandhi International
India
06-08-2024 12:09:05 AM: INFO: LaunchPage: Mumbai (BOM)
Chhatrapati Shivaji International
India
06-08-2024 12:09:05 AM: INFO: LaunchPage: Bangalore (BLR)
Kempegowda International
India
06-08-2024 12:10:13 AM: INFO: LaunchPage: 1
06-08-2024 12:10:13 AM: INFO: LaunchPage: Mumbai (BOM)
Chhatrapati Shivaji International
India
06-08-2024 12:10:13 AM: INFO: LaunchPage: 10
06-08-2024 12:10:13 AM: INFO: LaunchPage: New Delhi (DEL)
Indira Gandhi International
India
06-08-2024 12:10:13 AM: INFO: LaunchPage: Mumbai (BOM)
Chhatrapati Shivaji International
India
06-08-2024 12:10:14 AM: INFO: LaunchPage: Bangalore (BLR)
Kempegowda International
India
06-08-2024 07:15:26 PM: INFO: LaunchPage: 10
06-08-2024 07:15:26 PM: INFO: LaunchPage: New Delhi (DEL)
Indira Gandhi International
India
06-08-2024 07:18:07 PM: INFO: LaunchPage: 1
06-08-2024 07:18:07 PM: INFO: LaunchPage: Mumbai (BOM)
Chhatrapati Shivaji International
India
06-08-2024 07:18:08 PM: INFO: LaunchPage: 10
06-08-2024 07:18:08 PM: INFO: LaunchPage: New Delhi (DEL)
Indira Gandhi International
India
06-08-2024 07:18:08 PM: INFO: LaunchPage: Mumbai (BOM)
Chhatrapati Shivaji International
India
07-08-2024 02:05:17 AM: INFO: LaunchPage: 1
07-08-2024 02:05:17 AM: INFO: LaunchPage: New Delhi (DEL)
Indira Gandhi International
India
07-08-2024 02:05:18 AM: INFO: LaunchPage: 10
07-08-2024 02:05:18 AM: INFO: LaunchPage: New Delhi (DEL)
Indira Gandhi International
India
07-08-2024 02:05:18 AM: INFO: LaunchPage: Mumbai (BOM)
Chhatrapati Shivaji International
India
07-08-2024 02:05:18 AM: INFO: LaunchPage: Bangalore (BLR)
Kempegowda International
India
07-08-2024 02:06:57 AM: INFO: LaunchPage: 10
07-08-2024 02:06:57 AM: INFO: LaunchPage: New Delhi (DEL)
Indira Gandhi International
India
07-08-2024 02:06:57 AM: INFO: LaunchPage: Mumbai (BOM)
Chhatrapati Shivaji International
India
07-08-2024 02:06:57 AM: INFO: LaunchPage: 10
07-08-2024 02:06:57 AM: INFO: LaunchPage: New Delhi (DEL)
Indira Gandhi International
India
07-08-2024 02:06:58 AM: INFO: LaunchPage: Mumbai (BOM)
Chhatrapati Shivaji International
India
07-08-2024 02:07:41 AM: INFO: LaunchPage: 10
07-08-2024 02:07:41 AM: INFO: LaunchPage: New Delhi (DEL)
Indira Gandhi International
India
07-08-2024 02:07:41 AM: INFO: LaunchPage: Mumbai (BOM)
Chhatrapati Shivaji International
India
07-08-2024 02:07:43 AM: INFO: LaunchPage: 10
07-08-2024 02:07:43 AM: INFO: LaunchPage: New Delhi (DEL)
Indira Gandhi International
India
12-08-2024 10:29:19 PM: INFO: LaunchPage: 10
12-08-2024 10:29:19 PM: INFO: LaunchPage: New Delhi (DEL)
Indira Gandhi International
India
12-08-2024 10:29:20 PM: INFO: LaunchPage: 10
12-08-2024 10:29:20 PM: INFO: LaunchPage: New Delhi (DEL)
Indira Gandhi International
India
12-08-2024 10:29:20 PM: INFO: LaunchPage: Mumbai (BOM)
Chhatrapati Shivaji International
India
12-08-2024 10:29:20 PM: INFO: LaunchPage: Bangalore (BLR)
Kempegowda International
India
12-08-2024 10:29:32 PM: INFO: SearchFlightsResultsPage: Selected flights with 1 Stop
12-08-2024 10:29:32 PM: INFO: TestSearchAndVerifyFilter: 25
